<?xml version="1.0" encoding="UTF-8"?>
<testsuite xmlns:xsi="http://www.w3.org/2001/XMLSchema-instance" xsi:noNamespaceSchemaLocation="https://maven.apache.org/surefire/maven-surefire-plugin/xsd/surefire-test-report-3.0.xsd" version="3.0" name="calculator.CalculatorTest" time="0.198" tests="16" errors="0" skipped="0" failures="0">
  <properties>
[...]
</properties>
  <testcase name="powerTwoNumbersTest" classname="calculator.CalculatorTest" time="0.008"/>
  <testcase name="convertCelsiusToFarenheitTest" classname="calculator.CalculatorTest" time="0"/>
  <testcase name="CalculateSquareAreaTest" classname="calculator.CalculatorTest" time="0"/>
  <testcase name="sqrtTest" classname="calculator.CalculatorTest" time="0"/>
  <testcase name="convertFarenheitToCelsiusTest" classname="calculator.CalculatorTest" time="0"/>
  <testcase name="CalculateSquareCircTest" classname="calculator.CalculatorTest" time="0"/>
  <testcase name="isPrimeTest" classname="calculator.CalculatorTest" time="0"/>
  <testcase name="CalculateRectAreaTest" classname="calculator.CalculatorTest" time="0"/>
  <testcase name="fibbonacciTest" classname="calculator.CalculatorTest" time="0"/>
  <testcase name="CalculateRectCircTest" classname="calculator.CalculatorTest" time="0"/>
  <testcase name="findGCDTest" classname="calculator.CalculatorTest" time="0"/>
  <testcase name="findLCMTest" classname="calculator.CalculatorTest" time="0.001"/>
  <testcase name="factorialTest" classname="calculator.CalculatorTest" time="0"/>
  <testcase name="CalculateTriangleAreaTest" classname="calculator.CalculatorTest" time="0"/>
  <testcase name="CalculateTriangleCircTest" classname="calculator.CalculatorTest" time="0.001"/>
  <testcase name="convertFromMphToKphTest" classname="calculator.CalculatorTest" time="0"/>
</testsuite>